build/app/intermediates/manifest_merge_blame_file/debug/manifest-merger-blame-debug-report.txt
1<?xml version="1.0" encoding="utf-8"?>
2<manifest xmlns:android="http://schemas.android.com/apk/res/android"
3    package="com.mycompany.wigswap"
4    android:versionCode="1"
5    android:versionName="1.0.0" >
6
7    <uses-sdk
8        android:minSdkVersion="23"
9        android:targetSdkVersion="34" />
10    <!--
11         Flutter needs it to communicate with the running application
12         to allow setting breakpoints, to provide hot reload, etc.
13    -->
14    <uses-permission android:name="android.permission.INTERNET" />
14-->src/main/AndroidManifest.xml:4:5-66
14-->src/main/AndroidManifest.xml:4:22-64
15    <uses-permission android:name="android.permission.CAMERA" />
15-->src/main/AndroidManifest.xml:5:5-64
15-->src/main/AndroidManifest.xml:5:22-62
16    <uses-permission android:name="android.permission.RECORD_AUDIO" />
16-->src/main/AndroidManifest.xml:6:5-71
16-->src/main/AndroidManifest.xml:6:22-68
17    <uses-permission
17-->src/main/AndroidManifest.xml:8:5-106
18        android:name="android.permission.READ_EXTERNAL_STORAGE"
18-->src/main/AndroidManifest.xml:8:22-77
19        android:maxSdkVersion="32" />
19-->src/main/AndroidManifest.xml:8:78-104
20    <uses-permission
20-->src/main/AndroidManifest.xml:9:5-107
21        android:name="android.permission.WRITE_EXTERNAL_STORAGE"
21-->src/main/AndroidManifest.xml:9:22-78
22        android:maxSdkVersion="32" />
22-->src/main/AndroidManifest.xml:9:79-105
23    <uses-permission android:name="android.permission.POST_NOTIFICATIONS" />
23-->src/main/AndroidManifest.xml:10:5-76
23-->src/main/AndroidManifest.xml:10:22-74
24    <uses-permission android:name="android.permission.READ_CONTACTS" />
24-->src/main/AndroidManifest.xml:11:5-71
24-->src/main/AndroidManifest.xml:11:22-69
25    <uses-permission android:name="android.permission.WRITE_CONTACTS" />
25-->src/main/AndroidManifest.xml:12:5-72
25-->src/main/AndroidManifest.xml:12:22-70
26    <uses-permission android:name="android.permission.ACCESS_FINE_LOCATION" />
26-->src/main/AndroidManifest.xml:13:5-78
26-->src/main/AndroidManifest.xml:13:22-76
27    <uses-permission android:name="android.permission.ACCESS_COARSE_LOCATION" />
27-->src/main/AndroidManifest.xml:14:5-80
27-->src/main/AndroidManifest.xml:14:22-78
28
29    <queries>
29-->[:file_picker] AndroidManifest.xml:13:5-19:15
30        <intent>
30-->[:file_picker] AndroidManifest.xml:14:9-18:18
31            <action android:name="android.intent.action.GET_CONTENT" />
31-->[:file_picker] AndroidManifest.xml:15:13-72
31-->[:file_picker] AndroidManifest.xml:15:21-69
32
33            <data android:mimeType="*/*" />
33-->src/main/AndroidManifest.xml:56:17-77
34        </intent>
35        <!-- Added to check the default browser that will host the AuthFlow. -->
36        <intent>
36-->[com.stripe:financial-connections:20.48.6] AndroidManifest.xml:13:9-17:18
37            <action android:name="android.intent.action.VIEW" />
37-->src/main/AndroidManifest.xml:53:17-69
37-->src/main/AndroidManifest.xml:53:25-66
38
39            <data android:scheme="http" />
39-->src/main/AndroidManifest.xml:56:17-77
39-->src/main/AndroidManifest.xml:56:23-47
40        </intent> <!-- Added to check if Chrome is installed for browser-based payment authentication (e.g. 3DS1). -->
41        <package android:name="com.android.chrome" /> <!-- Needs to be explicitly declared on Android R+ -->
41-->[com.stripe:payments-core:20.48.6] AndroidManifest.xml:11:9-54
41-->[com.stripe:payments-core:20.48.6] AndroidManifest.xml:11:18-51
42        <package android:name="com.google.android.apps.maps" />
42-->[com.google.android.gms:play-services-maps:18.0.2] AndroidManifest.xml:33:9-64
42-->[com.google.android.gms:play-services-maps:18.0.2] AndroidManifest.xml:33:18-61
43    </queries>
44
45    <uses-permission android:name="android.permission.ACCESS_NETWORK_STATE" />
45-->[:firebase_analytics] AndroidManifest.xml:9:5-79
45-->[:firebase_analytics] AndroidManifest.xml:9:22-76
46    <uses-permission android:name="android.permission.WAKE_LOCK" /> <!-- Required by older versions of Google Play services to create IID tokens -->
46-->[:firebase_analytics] AndroidManifest.xml:11:5-68
46-->[:firebase_analytics] AndroidManifest.xml:11:22-65
47    <uses-permission android:name="com.google.android.c2dm.permission.RECEIVE" />
47-->[com.google.firebase:firebase-iid:21.1.0] AndroidManifest.xml:26:5-82
47-->[com.google.firebase:firebase-iid:21.1.0] AndroidManifest.xml:26:22-79
48    <uses-permission android:name="com.google.android.finsky.permission.BIND_GET_INSTALL_REFERRER_SERVICE" />
48-->[com.google.android.gms:play-services-measurement:22.1.0] AndroidManifest.xml:26:5-110
48-->[com.google.android.gms:play-services-measurement:22.1.0] AndroidManifest.xml:26:22-107
49    <uses-permission android:name="com.google.android.gms.permission.AD_ID" />
49-->[com.google.android.gms:play-services-measurement-impl:22.1.0] AndroidManifest.xml:27:5-79
49-->[com.google.android.gms:play-services-measurement-impl:22.1.0] AndroidManifest.xml:27:22-76
50    <uses-permission android:name="android.permission.ACCESS_ADSERVICES_ATTRIBUTION" />
50-->[com.google.android.gms:play-services-measurement-api:22.1.0] AndroidManifest.xml:26:5-88
50-->[com.google.android.gms:play-services-measurement-api:22.1.0] AndroidManifest.xml:26:22-85
51    <uses-permission android:name="android.permission.ACCESS_ADSERVICES_AD_ID" />
51-->[com.google.android.gms:play-services-measurement-api:22.1.0] AndroidManifest.xml:27:5-82
51-->[com.google.android.gms:play-services-measurement-api:22.1.0] AndroidManifest.xml:27:22-79
52    <uses-permission android:name="com.google.android.providers.gsf.permission.READ_GSERVICES" />
52-->[com.google.android.recaptcha:recaptcha:18.4.0] AndroidManifest.xml:9:5-98
52-->[com.google.android.recaptcha:recaptcha:18.4.0] AndroidManifest.xml:9:22-95
53
54    <uses-feature
54-->[com.google.android.gms:play-services-maps:18.0.2] AndroidManifest.xml:26:5-28:35
55        android:glEsVersion="0x00020000"
55-->[com.google.android.gms:play-services-maps:18.0.2] AndroidManifest.xml:27:9-41
56        android:required="true" />
56-->[com.google.android.gms:play-services-maps:18.0.2] AndroidManifest.xml:28:9-32
57
58    <permission
58-->[androidx.core:core:1.13.1] AndroidManifest.xml:22:5-24:47
59        android:name="com.mycompany.wigswap.DYNAMIC_RECEIVER_NOT_EXPORTED_PERMISSION"
59-->[androidx.core:core:1.13.1] AndroidManifest.xml:23:9-81
60        android:protectionLevel="signature" />
60-->[androidx.core:core:1.13.1] AndroidManifest.xml:24:9-44
61
62    <uses-permission android:name="com.mycompany.wigswap.DYNAMIC_RECEIVER_NOT_EXPORTED_PERMISSION" />
62-->[androidx.core:core:1.13.1] AndroidManifest.xml:26:5-97
62-->[androidx.core:core:1.13.1] AndroidManifest.xml:26:22-94
63
64    <application
64-->src/main/AndroidManifest.xml:15:5-69:19
65        android:appComponentFactory="androidx.core.app.CoreComponentFactory"
65-->[androidx.core:core:1.13.1] AndroidManifest.xml:28:18-86
66        android:debuggable="true"
67        android:extractNativeLibs="false"
68        android:icon="@mipmap/ic_launcher"
68-->src/main/AndroidManifest.xml:18:9-43
69        android:label="WigSwap"
69-->src/main/AndroidManifest.xml:16:9-32
70        android:requestLegacyExternalStorage="true" >
70-->src/main/AndroidManifest.xml:19:9-52
71        <activity
71-->src/main/AndroidManifest.xml:21:9-59:20
72            android:name="com.mycompany.wigswap.MainActivity"
72-->src/main/AndroidManifest.xml:22:13-41
73            android:configChanges="orientation|keyboardHidden|keyboard|screenSize|smallestScreenSize|locale|layoutDirection|fontScale|screenLayout|density|uiMode"
73-->src/main/AndroidManifest.xml:26:13-163
74            android:exported="true"
74-->src/main/AndroidManifest.xml:23:13-36
75            android:hardwareAccelerated="true"
75-->src/main/AndroidManifest.xml:27:13-47
76            android:launchMode="singleTop"
76-->src/main/AndroidManifest.xml:24:13-43
77            android:theme="@style/LaunchTheme"
77-->src/main/AndroidManifest.xml:25:13-47
78            android:windowSoftInputMode="adjustResize" >
78-->src/main/AndroidManifest.xml:28:13-55
79
80            <!--
81                 Specifies an Android theme to apply to this Activity as soon as
82                 the Android process has started. This theme is visible to the user
83                 while the Flutter UI initializes. After that, this theme continues
84                 to determine the Window background behind the Flutter UI.
85            -->
86            <meta-data
86-->src/main/AndroidManifest.xml:33:13-36:17
87                android:name="io.flutter.embedding.android.NormalTheme"
87-->src/main/AndroidManifest.xml:34:15-70
88                android:resource="@style/NormalTheme" />
88-->src/main/AndroidManifest.xml:35:15-52
89            <!--
90                 Displays an Android View that continues showing the launch screen
91                 Drawable until Flutter paints its first frame, then this splash
92                 screen fades out. A splash screen is useful to avoid any visual
93                 gap between the end of Android's launch screen and the painting of
94                 Flutter's first frame.
95            -->
96            <meta-data
96-->src/main/AndroidManifest.xml:42:13-45:17
97                android:name="io.flutter.embedding.android.SplashScreenDrawable"
97-->src/main/AndroidManifest.xml:43:15-79
98                android:resource="@drawable/launch_background" />
98-->src/main/AndroidManifest.xml:44:15-61
99
100            <intent-filter>
100-->src/main/AndroidManifest.xml:46:13-49:29
101                <action android:name="android.intent.action.MAIN" />
101-->src/main/AndroidManifest.xml:47:17-68
101-->src/main/AndroidManifest.xml:47:25-66
102
103                <category android:name="android.intent.category.LAUNCHER" />
103-->src/main/AndroidManifest.xml:48:17-76
103-->src/main/AndroidManifest.xml:48:27-74
104            </intent-filter>
105            <!-- Deep linking -->
106            <meta-data
106-->src/main/AndroidManifest.xml:51:13-90
107                android:name="flutter_deeplinking_enabled"
107-->src/main/AndroidManifest.xml:51:24-66
108                android:value="true" />
108-->src/main/AndroidManifest.xml:51:67-87
109
110            <intent-filter android:autoVerify="true" >
110-->src/main/AndroidManifest.xml:52:13-57:29
110-->src/main/AndroidManifest.xml:52:28-53
111                <action android:name="android.intent.action.VIEW" />
111-->src/main/AndroidManifest.xml:53:17-69
111-->src/main/AndroidManifest.xml:53:25-66
112
113                <category android:name="android.intent.category.DEFAULT" />
113-->src/main/AndroidManifest.xml:54:17-76
113-->src/main/AndroidManifest.xml:54:27-73
114                <category android:name="android.intent.category.BROWSABLE" />
114-->src/main/AndroidManifest.xml:55:17-78
114-->src/main/AndroidManifest.xml:55:27-75
115
116                <data
116-->src/main/AndroidManifest.xml:56:17-77
117                    android:host="wigswap.com"
117-->src/main/AndroidManifest.xml:56:48-74
118                    android:scheme="wigswap" />
118-->src/main/AndroidManifest.xml:56:23-47
119            </intent-filter>
120        </activity>
121
122        <!--
123             Don't delete the meta-data below.
124             This is used by the Flutter tool to generate GeneratedPluginRegistrant.java
125        -->
126        <meta-data
126-->src/main/AndroidManifest.xml:63:9-65:33
127            android:name="flutterEmbedding"
127-->src/main/AndroidManifest.xml:64:13-44
128            android:value="2" />
128-->src/main/AndroidManifest.xml:65:13-30
129        <meta-data
129-->src/main/AndroidManifest.xml:68:9-99
130            android:name="com.google.android.gms.wallet.api.enabled"
130-->src/main/AndroidManifest.xml:68:20-76
131            android:value="true" />
131-->src/main/AndroidManifest.xml:68:77-97
132
133        <service
133-->[:cloud_firestore] AndroidManifest.xml:10:9-14:19
134            android:name="com.google.firebase.components.ComponentDiscoveryService"
134-->[:cloud_firestore] AndroidManifest.xml:10:18-89
135            android:directBootAware="true"
135-->[com.google.firebase:firebase-common:21.0.0] AndroidManifest.xml:32:13-43
136            android:exported="false" >
136-->[com.google.firebase:firebase-auth:23.0.0] AndroidManifest.xml:68:13-37
137            <meta-data
137-->[:cloud_firestore] AndroidManifest.xml:11:13-13:85
138                android:name="com.google.firebase.components:io.flutter.plugins.firebase.firestore.FlutterFirebaseFirestoreRegistrar"
138-->[:cloud_firestore] AndroidManifest.xml:12:17-134
139                android:value="com.google.firebase.components.ComponentRegistrar" />
139-->[:cloud_firestore] AndroidManifest.xml:13:17-82
140            <meta-data
140-->[:cloud_functions] AndroidManifest.xml:11:13-13:85
141                android:name="com.google.firebase.components:io.flutter.plugins.firebase.functions.FlutterFirebaseAppRegistrar"
141-->[:cloud_functions] AndroidManifest.xml:12:17-128
142                android:value="com.google.firebase.components.ComponentRegistrar" />
142-->[:cloud_functions] AndroidManifest.xml:13:17-82
143            <meta-data
143-->[:firebase_analytics] AndroidManifest.xml:15:13-17:85
144                android:name="com.google.firebase.components:io.flutter.plugins.firebase.analytics.FlutterFirebaseAppRegistrar"
144-->[:firebase_analytics] AndroidManifest.xml:16:17-128
145                android:value="com.google.firebase.components.ComponentRegistrar" />
145-->[:firebase_analytics] AndroidManifest.xml:17:17-82
146            <meta-data
146-->[:firebase_auth] AndroidManifest.xml:11:13-13:85
147                android:name="com.google.firebase.components:io.flutter.plugins.firebase.auth.FlutterFirebaseAuthRegistrar"
147-->[:firebase_auth] AndroidManifest.xml:12:17-124
148                android:value="com.google.firebase.components.ComponentRegistrar" />
148-->[:firebase_auth] AndroidManifest.xml:13:17-82
149            <meta-data
149-->[:firebase_messaging] AndroidManifest.xml:38:13-40:85
150                android:name="com.google.firebase.components:io.flutter.plugins.firebase.messaging.FlutterFirebaseAppRegistrar"
150-->[:firebase_messaging] AndroidManifest.xml:39:17-128
151                android:value="com.google.firebase.components.ComponentRegistrar" />
151-->[:firebase_messaging] AndroidManifest.xml:40:17-82
152            <meta-data
152-->[:firebase_performance] AndroidManifest.xml:13:13-15:85
153                android:name="com.google.firebase.components:io.flutter.plugins.firebase.performance.FlutterFirebaseAppRegistrar"
153-->[:firebase_performance] AndroidManifest.xml:14:17-130
154                android:value="com.google.firebase.components.ComponentRegistrar" />
154-->[:firebase_performance] AndroidManifest.xml:15:17-82
155            <meta-data
155-->[:firebase_storage] AndroidManifest.xml:11:13-13:85
156                android:name="com.google.firebase.components:io.flutter.plugins.firebase.storage.FlutterFirebaseAppRegistrar"
156-->[:firebase_storage] AndroidManifest.xml:12:17-126
157                android:value="com.google.firebase.components.ComponentRegistrar" />
157-->[:firebase_storage] AndroidManifest.xml:13:17-82
158            <meta-data
158-->[:firebase_core] AndroidManifest.xml:11:13-13:85
159                android:name="com.google.firebase.components:io.flutter.plugins.firebase.core.FlutterFirebaseCoreRegistrar"
159-->[:firebase_core] AndroidManifest.xml:12:17-124
160                android:value="com.google.firebase.components.ComponentRegistrar" />
160-->[:firebase_core] AndroidManifest.xml:13:17-82
161            <meta-data
161-->[com.google.firebase:firebase-auth:23.0.0] AndroidManifest.xml:69:13-71:85
162                android:name="com.google.firebase.components:com.google.firebase.auth.FirebaseAuthRegistrar"
162-->[com.google.firebase:firebase-auth:23.0.0] AndroidManifest.xml:70:17-109
163                android:value="com.google.firebase.components.ComponentRegistrar" />
163-->[com.google.firebase:firebase-auth:23.0.0] AndroidManifest.xml:71:17-82
164            <meta-data
164-->[com.google.firebase:firebase-perf:21.0.1] AndroidManifest.xml:14:13-16:85
165                android:name="com.google.firebase.components:com.google.firebase.perf.FirebasePerfKtxRegistrar"
165-->[com.google.firebase:firebase-perf:21.0.1] AndroidManifest.xml:15:17-112
166                android:value="com.google.firebase.components.ComponentRegistrar" />
166-->[com.google.firebase:firebase-perf:21.0.1] AndroidManifest.xml:16:17-82
167            <meta-data
167-->[com.google.firebase:firebase-perf:21.0.1] AndroidManifest.xml:17:13-19:85
168                android:name="com.google.firebase.components:com.google.firebase.perf.FirebasePerfRegistrar"
168-->[com.google.firebase:firebase-perf:21.0.1] AndroidManifest.xml:18:17-109
169                android:value="com.google.firebase.components.ComponentRegistrar" />
169-->[com.google.firebase:firebase-perf:21.0.1] AndroidManifest.xml:19:17-82
170            <meta-data
170-->[com.google.firebase:firebase-functions:21.0.0] AndroidManifest.xml:15:13-17:85
171                android:name="com.google.firebase.components:com.google.firebase.functions.FirebaseFunctionsKtxRegistrar"
171-->[com.google.firebase:firebase-functions:21.0.0] AndroidManifest.xml:16:17-122
172                android:value="com.google.firebase.components.ComponentRegistrar" />
172-->[com.google.firebase:firebase-functions:21.0.0] AndroidManifest.xml:17:17-82
173            <meta-data
173-->[com.google.firebase:firebase-functions:21.0.0] AndroidManifest.xml:18:13-20:85
174                android:name="com.google.firebase.components:com.google.firebase.functions.FunctionsRegistrar"
174-->[com.google.firebase:firebase-functions:21.0.0] AndroidManifest.xml:19:17-111
175                android:value="com.google.firebase.components.ComponentRegistrar" />
175-->[com.google.firebase:firebase-functions:21.0.0] AndroidManifest.xml:20:17-82
176            <meta-data
176-->[com.google.firebase:firebase-iid:21.1.0] AndroidManifest.xml:32:13-34:85
177                android:name="com.google.firebase.components:com.google.firebase.iid.Registrar"
177-->[com.google.firebase:firebase-iid:21.1.0] AndroidManifest.xml:33:17-96
178                android:value="com.google.firebase.components.ComponentRegistrar" />
178-->[com.google.firebase:firebase-iid:21.1.0] AndroidManifest.xml:34:17-82
179            <meta-data
179-->[com.google.firebase:firebase-messaging:24.0.1] AndroidManifest.xml:57:13-59:85
180                android:name="com.google.firebase.components:com.google.firebase.messaging.FirebaseMessagingKtxRegistrar"
180-->[com.google.firebase:firebase-messaging:24.0.1] AndroidManifest.xml:58:17-122
181                android:value="com.google.firebase.components.ComponentRegistrar" />
181-->[com.google.firebase:firebase-messaging:24.0.1] AndroidManifest.xml:59:17-82
182            <meta-data
182-->[com.google.firebase:firebase-messaging:24.0.1] AndroidManifest.xml:60:13-62:85
183                android:name="com.google.firebase.components:com.google.firebase.messaging.FirebaseMessagingRegistrar"
183-->[com.google.firebase:firebase-messaging:24.0.1] AndroidManifest.xml:61:17-119
184                android:value="com.google.firebase.components.ComponentRegistrar" />
184-->[com.google.firebase:firebase-messaging:24.0.1] AndroidManifest.xml:62:17-82
185            <meta-data
185-->[com.google.firebase:firebase-firestore:25.1.0] AndroidManifest.xml:17:13-19:85
186                android:name="com.google.firebase.components:com.google.firebase.firestore.FirebaseFirestoreKtxRegistrar"
186-->[com.google.firebase:firebase-firestore:25.1.0] AndroidManifest.xml:18:17-122
187                android:value="com.google.firebase.components.ComponentRegistrar" />
187-->[com.google.firebase:firebase-firestore:25.1.0] AndroidManifest.xml:19:17-82
188            <meta-data
188-->[com.google.firebase:firebase-firestore:25.1.0] AndroidManifest.xml:20:13-22:85
189                android:name="com.google.firebase.components:com.google.firebase.firestore.FirestoreRegistrar"
189-->[com.google.firebase:firebase-firestore:25.1.0] AndroidManifest.xml:21:17-111
190                android:value="com.google.firebase.components.ComponentRegistrar" />
190-->[com.google.firebase:firebase-firestore:25.1.0] AndroidManifest.xml:22:17-82
191            <meta-data
191-->[com.google.firebase:firebase-storage:21.0.0] AndroidManifest.xml:30:13-32:85
192                android:name="com.google.firebase.components:com.google.firebase.storage.FirebaseStorageKtxRegistrar"
192-->[com.google.firebase:firebase-storage:21.0.0] AndroidManifest.xml:31:17-118
193                android:value="com.google.firebase.components.ComponentRegistrar" />
193-->[com.google.firebase:firebase-storage:21.0.0] AndroidManifest.xml:32:17-82
194            <meta-data
194-->[com.google.firebase:firebase-storage:21.0.0] AndroidManifest.xml:33:13-35:85
195                android:name="com.google.firebase.components:com.google.firebase.storage.StorageRegistrar"
195-->[com.google.firebase:firebase-storage:21.0.0] AndroidManifest.xml:34:17-107
196                android:value="com.google.firebase.components.ComponentRegistrar" />
196-->[com.google.firebase:firebase-storage:21.0.0] AndroidManifest.xml:35:17-82
197            <meta-data
197-->[com.google.firebase:firebase-config:22.0.0] AndroidManifest.xml:29:13-31:85
198                android:name="com.google.firebase.components:com.google.firebase.remoteconfig.FirebaseRemoteConfigKtxRegistrar"
198-->[com.google.firebase:firebase-config:22.0.0] AndroidManifest.xml:30:17-128
199                android:value="com.google.firebase.components.ComponentRegistrar" />
199-->[com.google.firebase:firebase-config:22.0.0] AndroidManifest.xml:31:17-82
200            <meta-data
200-->[com.google.firebase:firebase-config:22.0.0] AndroidManifest.xml:32:13-34:85
201                android:name="com.google.firebase.components:com.google.firebase.remoteconfig.RemoteConfigRegistrar"
201-->[com.google.firebase:firebase-config:22.0.0] AndroidManifest.xml:33:17-117
202                android:value="com.google.firebase.components.ComponentRegistrar" />
202-->[com.google.firebase:firebase-config:22.0.0] AndroidManifest.xml:34:17-82
203            <meta-data
203-->[com.google.firebase:firebase-sessions:2.0.0] AndroidManifest.xml:29:13-31:85
204                android:name="com.google.firebase.components:com.google.firebase.sessions.FirebaseSessionsRegistrar"
204-->[com.google.firebase:firebase-sessions:2.0.0] AndroidManifest.xml:30:17-117
205                android:value="com.google.firebase.components.ComponentRegistrar" />
205-->[com.google.firebase:firebase-sessions:2.0.0] AndroidManifest.xml:31:17-82
206            <meta-data
206-->[com.google.android.gms:play-services-measurement-api:22.1.0] AndroidManifest.xml:37:13-39:85
207                android:name="com.google.firebase.components:com.google.firebase.analytics.connector.internal.AnalyticsConnectorRegistrar"
207-->[com.google.android.gms:play-services-measurement-api:22.1.0] AndroidManifest.xml:38:17-139
208                android:value="com.google.firebase.components.ComponentRegistrar" />
208-->[com.google.android.gms:play-services-measurement-api:22.1.0] AndroidManifest.xml:39:17-82
209            <meta-data
209-->[com.google.firebase:firebase-installations:18.0.0] AndroidManifest.xml:15:13-17:85
210                android:name="com.google.firebase.components:com.google.firebase.installations.FirebaseInstallationsKtxRegistrar"
210-->[com.google.firebase:firebase-installations:18.0.0] AndroidManifest.xml:16:17-130
211                android:value="com.google.firebase.components.ComponentRegistrar" />
211-->[com.google.firebase:firebase-installations:18.0.0] AndroidManifest.xml:17:17-82
212            <meta-data
212-->[com.google.firebase:firebase-installations:18.0.0] AndroidManifest.xml:18:13-20:85
213                android:name="com.google.firebase.components:com.google.firebase.installations.FirebaseInstallationsRegistrar"
213-->[com.google.firebase:firebase-installations:18.0.0] AndroidManifest.xml:19:17-127
214                android:value="com.google.firebase.components.ComponentRegistrar" />
214-->[com.google.firebase:firebase-installations:18.0.0] AndroidManifest.xml:20:17-82
215            <meta-data
215-->[com.google.firebase:firebase-appcheck:18.0.0] AndroidManifest.xml:25:13-27:85
216                android:name="com.google.firebase.components:com.google.firebase.appcheck.FirebaseAppCheckKtxRegistrar"
216-->[com.google.firebase:firebase-appcheck:18.0.0] AndroidManifest.xml:26:17-120
217                android:value="com.google.firebase.components.ComponentRegistrar" />
217-->[com.google.firebase:firebase-appcheck:18.0.0] AndroidManifest.xml:27:17-82
218            <meta-data
218-->[com.google.firebase:firebase-appcheck:18.0.0] AndroidManifest.xml:28:13-30:85
219                android:name="com.google.firebase.components:com.google.firebase.appcheck.FirebaseAppCheckRegistrar"
219-->[com.google.firebase:firebase-appcheck:18.0.0] AndroidManifest.xml:29:17-117
220                android:value="com.google.firebase.components.ComponentRegistrar" />
220-->[com.google.firebase:firebase-appcheck:18.0.0] AndroidManifest.xml:30:17-82
221            <meta-data
221-->[com.google.firebase:firebase-common-ktx:21.0.0] AndroidManifest.xml:12:13-14:85
222                android:name="com.google.firebase.components:com.google.firebase.ktx.FirebaseCommonLegacyRegistrar"
222-->[com.google.firebase:firebase-common-ktx:21.0.0] AndroidManifest.xml:13:17-116
223                android:value="com.google.firebase.components.ComponentRegistrar" />
223-->[com.google.firebase:firebase-common-ktx:21.0.0] AndroidManifest.xml:14:17-82
224            <meta-data
224-->[com.google.firebase:firebase-common:21.0.0] AndroidManifest.xml:35:13-37:85
225                android:name="com.google.firebase.components:com.google.firebase.FirebaseCommonKtxRegistrar"
225-->[com.google.firebase:firebase-common:21.0.0] AndroidManifest.xml:36:17-109
226                android:value="com.google.firebase.components.ComponentRegistrar" />
226-->[com.google.firebase:firebase-common:21.0.0] AndroidManifest.xml:37:17-82
227            <meta-data
227-->[com.google.firebase:firebase-abt:21.1.1] AndroidManifest.xml:12:13-14:85
228                android:name="com.google.firebase.components:com.google.firebase.abt.component.AbtRegistrar"
228-->[com.google.firebase:firebase-abt:21.1.1] AndroidManifest.xml:13:17-109
229                android:value="com.google.firebase.components.ComponentRegistrar" />
229-->[com.google.firebase:firebase-abt:21.1.1] AndroidManifest.xml:14:17-82
230            <meta-data
230-->[com.google.firebase:firebase-datatransport:18.2.0] AndroidManifest.xml:25:13-27:85
231                android:name="com.google.firebase.components:com.google.firebase.datatransport.TransportRegistrar"
231-->[com.google.firebase:firebase-datatransport:18.2.0] AndroidManifest.xml:26:17-115
232                android:value="com.google.firebase.components.ComponentRegistrar" />
232-->[com.google.firebase:firebase-datatransport:18.2.0] AndroidManifest.xml:27:17-82
233        </service>
234        <service
234-->[:firebase_messaging] AndroidManifest.xml:16:9-19:72
235            android:name="io.flutter.plugins.firebase.messaging.FlutterFirebaseMessagingBackgroundService"
235-->[:firebase_messaging] AndroidManifest.xml:17:13-107
236            android:exported="false"
236-->[:firebase_messaging] AndroidManifest.xml:18:13-37
237            android:permission="android.permission.BIND_JOB_SERVICE" />
237-->[:firebase_messaging] AndroidManifest.xml:19:13-69
238        <service
238-->[:firebase_messaging] AndroidManifest.xml:20:9-26:19
239            android:name="io.flutter.plugins.firebase.messaging.FlutterFirebaseMessagingService"
239-->[:firebase_messaging] AndroidManifest.xml:21:13-97
240            android:exported="false" >
240-->[:firebase_messaging] AndroidManifest.xml:22:13-37
241            <intent-filter>
241-->[:firebase_messaging] AndroidManifest.xml:23:13-25:29
242                <action android:name="com.google.firebase.MESSAGING_EVENT" />
242-->[:firebase_messaging] AndroidManifest.xml:24:17-78
242-->[:firebase_messaging] AndroidManifest.xml:24:25-75
243            </intent-filter>
244        </service>
245
246        <receiver
246-->[:firebase_messaging] AndroidManifest.xml:28:9-35:20
247            android:name="io.flutter.plugins.firebase.messaging.FlutterFirebaseMessagingReceiver"
247-->[:firebase_messaging] AndroidManifest.xml:29:13-98
248            android:exported="true"
248-->[:firebase_messaging] AndroidManifest.xml:30:13-36
249            android:permission="com.google.android.c2dm.permission.SEND" >
249-->[:firebase_messaging] AndroidManifest.xml:31:13-73
250            <intent-filter>
250-->[:firebase_messaging] AndroidManifest.xml:32:13-34:29
251                <action android:name="com.google.android.c2dm.intent.RECEIVE" />
251-->[:firebase_messaging] AndroidManifest.xml:33:17-81
251-->[:firebase_messaging] AndroidManifest.xml:33:25-78
252            </intent-filter>
253        </receiver>
254
255        <provider
255-->[:firebase_messaging] AndroidManifest.xml:43:9-47:38
256            android:name="io.flutter.plugins.firebase.messaging.FlutterFirebaseMessagingInitProvider"
256-->[:firebase_messaging] AndroidManifest.xml:44:13-102
257            android:authorities="com.mycompany.wigswap.flutterfirebasemessaginginitprovider"
257-->[:firebase_messaging] AndroidManifest.xml:45:13-88
258            android:exported="false"
258-->[:firebase_messaging] AndroidManifest.xml:46:13-37
259            android:initOrder="99" />
259-->[:firebase_messaging] AndroidManifest.xml:47:13-35
260        <provider